This file contains any messages produced by compilers while
running configure, to aid debugging if configure makes a mistake.

It was created by libmaxminddb configure 1.3.2, which was
generated by GNU Autoconf 2.69.  Invocation command line was

  $ ./configure 

## --------- ##
## Platform. ##
## --------- ##

hostname = Domik-PC1
uname -m = x86_64
uname -r = 4.9.0-8-amd64
uname -s = Linux
uname -v = #1 SMP Debian 4.9.130-2 (2018-10-27)

/usr/bin/uname -p = unknown
/bin/uname -X     = unknown

/bin/arch              = unknown
/usr/bin/arch -k       = unknown
/usr/convex/getsysinfo = unknown
/usr/bin/hostinfo      = unknown
/bin/machine           = unknown
/usr/bin/oslevel       = unknown
/bin/universe          = unknown

PATH: /usr/local/sbin
PATH: /usr/local/bin
PATH: /usr/sbin
PATH: /usr/bin
PATH: /sbin
PATH: /bin


## ----------- ##
## Core tests. ##
## ----------- ##

configure:2420: checking for pkg-config
configure:2453: result: no
configure:2562: checking build system type
configure:2576: result: x86_64-pc-linux-gnu
configure:2596: checking host system type
configure:2609: result: x86_64-pc-linux-gnu
configure:2650: checking how to print strings
configure:2677: result: printf
configure:2749: checking for gcc
configure:2765: found /usr/bin/gcc
configure:2776: result: gcc
configure:3005: checking for C compiler version
configure:3014: gcc --version >&5
gcc (Debian 6.3.0-18+deb9u1) 6.3.0 20170516
Copyright (C) 2016 Free Software Foundation, Inc.
This is free software; see the source for copying conditions.  There is NO
warranty; not even for MERCHANTABILITY or FITNESS FOR A PARTICULAR PURPOSE.

configure:3025: $? = 0
configure:3014: gcc -v >&5
Using built-in specs.
COLLECT_GCC=gcc
COLLECT_LTO_WRAPPER=/usr/lib/gcc/x86_64-linux-gnu/6/lto-wrapper
Target: x86_64-linux-gnu
Configured with: ../src/configure -v --with-pkgversion='Debian 6.3.0-18+deb9u1' --with-bugurl=file:///usr/share/doc/gcc-6/README.Bugs --enable-languages=c,ada,c++,java,go,d,fortran,objc,obj-c++ --prefix=/usr --program-suffix=-6 --program-prefix=x86_64-linux-gnu- --enable-shared --enable-linker-build-id --libexecdir=/usr/lib --without-included-gettext --enable-threads=posix --libdir=/usr/lib --enable-nls --with-sysroot=/ --enable-clocale=gnu --enable-libstdcxx-debug --enable-libstdcxx-time=yes --with-default-libstdcxx-abi=new --enable-gnu-unique-object --disable-vtable-verify --enable-libmpx --enable-plugin --enable-default-pie --with-system-zlib --disable-browser-plugin --enable-java-awt=gtk --enable-gtk-cairo --with-java-home=/usr/lib/jvm/java-1.5.0-gcj-6-amd64/jre --enable-java-home --with-jvm-root-dir=/usr/lib/jvm/java-1.5.0-gcj-6-amd64 --with-jvm-jar-dir=/usr/lib/jvm-exports/java-1.5.0-gcj-6-amd64 --with-arch-directory=amd64 --with-ecj-jar=/usr/share/java/eclipse-ecj.jar --with-target-system-zlib --enable-objc-gc=auto --enable-multiarch --with-arch-32=i686 --with-abi=m64 --with-multilib-list=m32,m64,mx32 --enable-multilib --with-tune=generic --enable-checking=release --build=x86_64-linux-gnu --host=x86_64-linux-gnu --target=x86_64-linux-gnu
Thread model: posix
gcc version 6.3.0 20170516 (Debian 6.3.0-18+deb9u1) 
configure:3025: $? = 0
configure:3014: gcc -V >&5
gcc: error: unrecognized command line option '-V'
gcc: fatal error: no input files
compilation terminated.
configure:3025: $? = 1
configure:3014: gcc -qversion >&5
gcc: error: unrecognized command line option '-qversion'; did you mean '--version'?
gcc: fatal error: no input files
compilation terminated.
configure:3025: $? = 1
configure:3045: checking whether the C compiler works
configure:3067: gcc    conftest.c  >&5
configure:3071: $? = 0
configure:3119: result: yes
configure:3122: checking for C compiler default output file name
configure:3124: result: a.out
configure:3130: checking for suffix of executables
configure:3137: gcc -o conftest    conftest.c  >&5
configure:3141: $? = 0
configure:3163: result: 
configure:3185: checking whether we are cross compiling
configure:3193: gcc -o conftest    conftest.c  >&5
configure:3197: $? = 0
configure:3204: ./conftest
configure:3208: $? = 0
configure:3223: result: no
configure:3228: checking for suffix of object files
configure:3250: gcc -c   conftest.c >&5
configure:3254: $? = 0
configure:3275: result: o
configure:3279: checking whether we are using the GNU C compiler
configure:3298: gcc -c   conftest.c >&5
configure:3298: $? = 0
configure:3307: result: yes
configure:3316: checking whether gcc accepts -g
configure:3336: gcc -c -g  conftest.c >&5
configure:3336: $? = 0
configure:3377: result: yes
configure:3394: checking for gcc option to accept ISO C89
configure:3457: gcc  -c -g -O2  conftest.c >&5
configure:3457: $? = 0
configure:3470: result: none needed
configure:3495: checking whether gcc understands -c and -o together
configure:3517: gcc -c conftest.c -o conftest2.o
configure:3520: $? = 0
configure:3517: gcc -c conftest.c -o conftest2.o
configure:3520: $? = 0
configure:3532: result: yes
configure:3549: checking for a sed that does not truncate output
configure:3613: result: /bin/sed
configure:3631: checking for grep that handles long lines and -e
configure:3689: result: /bin/grep
configure:3694: checking for egrep
configure:3756: result: /bin/grep -E
configure:3761: checking for fgrep
configure:3823: result: /bin/grep -F
configure:3858: checking for ld used by gcc
configure:3925: result: /usr/bin/ld
configure:3932: checking if the linker (/usr/bin/ld) is GNU ld
configure:3947: result: yes
configure:3959: checking for BSD- or MS-compatible name lister (nm)
configure:4013: result: /usr/bin/nm -B
configure:4143: checking the name lister (/usr/bin/nm -B) interface
configure:4150: gcc -c -g -O2  conftest.c >&5
configure:4153: /usr/bin/nm -B "conftest.o"
configure:4156: output
0000000000000000 B some_variable
configure:4163: result: BSD nm
configure:4166: checking whether ln -s works
configure:4170: result: yes
configure:4178: checking the maximum length of command line arguments
configure:4309: result: 1572864
configure:4357: checking how to convert x86_64-pc-linux-gnu file names to x86_64-pc-linux-gnu format
configure:4397: result: func_convert_file_noop
configure:4404: checking how to convert x86_64-pc-linux-gnu file names to toolchain format
configure:4424: result: func_convert_file_noop
configure:4431: checking for /usr/bin/ld option to reload object files
configure:4438: result: -r
configure:4512: checking for objdump
configure:4528: found /usr/bin/objdump
configure:4539: result: objdump
configure:4571: checking how to recognize dependent libraries
configure:4771: result: pass_all
configure:4856: checking for dlltool
configure:4886: result: no
configure:4916: checking how to associate runtime and link libraries
configure:4943: result: printf %s\n
configure:5004: checking for ar
configure:5020: found /usr/bin/ar
configure:5031: result: ar
configure:5068: checking for archiver @FILE support
configure:5085: gcc -c -g -O2  conftest.c >&5
configure:5085: $? = 0
configure:5088: ar cru libconftest.a @conftest.lst >&5
ar: `u' modifier ignored since `D' is the default (see `U')
configure:5091: $? = 0
configure:5096: ar cru libconftest.a @conftest.lst >&5
ar: `u' modifier ignored since `D' is the default (see `U')
ar: conftest.o: No such file or directory
configure:5099: $? = 1
configure:5111: result: @
configure:5169: checking for strip
configure:5185: found /usr/bin/strip
configure:5196: result: strip
configure:5268: checking for ranlib
configure:5284: found /usr/bin/ranlib
configure:5295: result: ranlib
configure:5372: checking for gawk
configure:5402: result: no
configure:5372: checking for mawk
configure:5388: found /usr/bin/mawk
configure:5399: result: mawk
configure:5439: checking command to parse /usr/bin/nm -B output from gcc object
configure:5592: gcc -c -g -O2  conftest.c >&5
configure:5595: $? = 0
configure:5599: /usr/bin/nm -B conftest.o \| sed -n -e 's/^.*[ ]\([ABCDGIRSTW][ABCDGIRSTW]*\)[ ][ ]*\([_A-Za-z][_A-Za-z0-9]*\)$/\1 \2 \2/p' | sed '/ __gnu_lto/d' \> conftest.nm
configure:5602: $? = 0
configure:5668: gcc -o conftest -g -O2   conftest.c conftstm.o >&5
configure:5671: $? = 0
configure:5709: result: ok
configure:5756: checking for sysroot
configure:5786: result: no
configure:5793: checking for a working dd
configure:5831: result: /bin/dd
configure:5835: checking how to truncate binary pipes
configure:5850: result: /bin/dd bs=4096 count=1
configure:5986: gcc -c -g -O2  conftest.c >&5
configure:5989: $? = 0
configure:6179: checking for mt
configure:6195: found /bin/mt
configure:6206: result: mt
configure:6229: checking if mt is a manifest tool
configure:6235: mt '-?'
configure:6243: result: no
configure:6920: checking how to run the C preprocessor
configure:6951: gcc -E  conftest.c
configure:6951: $? = 0
configure:6965: gcc -E  conftest.c
conftest.c:9:28: fatal error: ac_nonexistent.h: No such file or directory
 #include <ac_nonexistent.h>
                            ^
compilation terminated.
configure:6965: $? = 1
configure: failed program was:
| /* confdefs.h */
| #define PACKAGE_NAME "libmaxminddb"
| #define PACKAGE_TARNAME "libmaxminddb"
| #define PACKAGE_VERSION "1.3.2"
| #define PACKAGE_STRING "libmaxminddb 1.3.2"
| #define PACKAGE_BUGREPORT "support@maxmind.com"
| #define PACKAGE_URL ""
| /* end confdefs.h.  */
| #include <ac_nonexistent.h>
configure:6990: result: gcc -E
configure:7010: gcc -E  conftest.c
configure:7010: $? = 0
configure:7024: gcc -E  conftest.c
conftest.c:9:28: fatal error: ac_nonexistent.h: No such file or directory
 #include <ac_nonexistent.h>
                            ^
compilation terminated.
configure:7024: $? = 1
configure: failed program was:
| /* confdefs.h */
| #define PACKAGE_NAME "libmaxminddb"
| #define PACKAGE_TARNAME "libmaxminddb"
| #define PACKAGE_VERSION "1.3.2"
| #define PACKAGE_STRING "libmaxminddb 1.3.2"
| #define PACKAGE_BUGREPORT "support@maxmind.com"
| #define PACKAGE_URL ""
| /* end confdefs.h.  */
| #include <ac_nonexistent.h>
configure:7053: checking for ANSI C header files
configure:7073: gcc -c -g -O2  conftest.c >&5
configure:7073: $? = 0
configure:7146: gcc -o conftest -g -O2   conftest.c  >&5
configure:7146: $? = 0
configure:7146: ./conftest
configure:7146: $? = 0
configure:7157: result: yes
configure:7170: checking for sys/types.h
configure:7170: gcc -c -g -O2  conftest.c >&5
configure:7170: $? = 0
configure:7170: result: yes
configure:7170: checking for sys/stat.h
configure:7170: gcc -c -g -O2  conftest.c >&5
configure:7170: $? = 0
configure:7170: result: yes
configure:7170: checking for stdlib.h
configure:7170: gcc -c -g -O2  conftest.c >&5
configure:7170: $? = 0
configure:7170: result: yes
configure:7170: checking for string.h
configure:7170: gcc -c -g -O2  conftest.c >&5
configure:7170: $? = 0
configure:7170: result: yes
configure:7170: checking for memory.h
configure:7170: gcc -c -g -O2  conftest.c >&5
configure:7170: $? = 0
configure:7170: result: yes
configure:7170: checking for strings.h
configure:7170: gcc -c -g -O2  conftest.c >&5
configure:7170: $? = 0
configure:7170: result: yes
configure:7170: checking for inttypes.h
configure:7170: gcc -c -g -O2  conftest.c >&5
configure:7170: $? = 0
configure:7170: result: yes
configure:7170: checking for stdint.h
configure:7170: gcc -c -g -O2  conftest.c >&5
configure:7170: $? = 0
configure:7170: result: yes
configure:7170: checking for unistd.h
configure:7170: gcc -c -g -O2  conftest.c >&5
configure:7170: $? = 0
configure:7170: result: yes
configure:7184: checking for dlfcn.h
configure:7184: gcc -c -g -O2  conftest.c >&5
configure:7184: $? = 0
configure:7184: result: yes
configure:7440: checking for objdir
configure:7455: result: .libs
configure:7715: checking if gcc supports -fno-rtti -fno-exceptions
configure:7733: gcc -c -g -O2  -fno-rtti -fno-exceptions conftest.c >&5
cc1: warning: command line option '-fno-rtti' is valid for C++/ObjC++ but not for C
configure:7737: $? = 0
configure:7750: result: no
configure:8108: checking for gcc option to produce PIC
configure:8115: result: -fPIC -DPIC
configure:8123: checking if gcc PIC flag -fPIC -DPIC works
configure:8141: gcc -c -g -O2  -fPIC -DPIC -DPIC conftest.c >&5
configure:8145: $? = 0
configure:8158: result: yes
configure:8187: checking if gcc static flag -static works
configure:8215: result: yes
configure:8230: checking if gcc supports -c -o file.o
configure:8251: gcc -c -g -O2  -o out/conftest2.o conftest.c >&5
configure:8255: $? = 0
configure:8277: result: yes
configure:8285: checking if gcc supports -c -o file.o
configure:8332: result: yes
configure:8365: checking whether the gcc linker (/usr/bin/ld -m elf_x86_64) supports shared libraries
configure:9628: result: yes
configure:9665: checking whether -lc should be explicitly linked in
configure:9673: gcc -c -g -O2  conftest.c >&5
configure:9676: $? = 0
configure:9691: gcc -shared  -fPIC -DPIC conftest.o  -v -Wl,-soname -Wl,conftest -o conftest 2\>\&1 \| /bin/grep  -lc  \>/dev/null 2\>\&1
configure:9694: $? = 0
configure:9708: result: no
configure:9868: checking dynamic linker characteristics
configure:10449: gcc -o conftest -g -O2   -Wl,-rpath -Wl,/foo conftest.c  >&5
configure:10449: $? = 0
configure:10698: result: GNU/Linux ld.so
configure:10820: checking how to hardcode library paths into programs
configure:10845: result: immediate
configure:11393: checking whether stripping libraries is possible
configure:11398: result: yes
configure:11433: checking if libtool supports shared libraries
configure:11435: result: yes
configure:11438: checking whether to build shared libraries
configure:11463: result: yes
configure:11466: checking whether to build static libraries
configure:11470: result: yes
configure:11523: checking for a BSD-compatible install
configure:11591: result: /usr/bin/install -c
configure:11602: checking whether build environment is sane
configure:11657: result: yes
configure:11805: checking for a thread-safe mkdir -p
configure:11844: result: /bin/mkdir -p
configure:11847: checking whether make sets $(MAKE)
configure:11869: result: yes
configure:11899: checking for style of include used by make
configure:11927: result: GNU
configure:11961: checking whether make supports nested variables
configure:11978: result: yes
configure:12063: checking dependency style of gcc
configure:12174: result: gcc3
configure:12234: checking for gcc option to accept ISO C99
configure:12383: gcc  -c -g -O2  conftest.c >&5
configure:12383: $? = 0
configure:12396: result: none needed
configure:12421: checking whether compiler accepts "-fms-extensions"
configure:12430: result: yes
configure:12448: checking for C/C++ restrict keyword
configure:12473: gcc -c -g  -fms-extensions  conftest.c >&5
configure:12473: $? = 0
configure:12481: result: __restrict
configure:12498: checking arpa/inet.h usability
configure:12498: gcc -c -g  -fms-extensions  conftest.c >&5
configure:12498: $? = 0
configure:12498: result: yes
configure:12498: checking arpa/inet.h presence
configure:12498: gcc -E  conftest.c
configure:12498: $? = 0
configure:12498: result: yes
configure:12498: checking for arpa/inet.h
configure:12498: result: yes
configure:12498: checking assert.h usability
configure:12498: gcc -c -g  -fms-extensions  conftest.c >&5
configure:12498: $? = 0
configure:12498: result: yes
configure:12498: checking assert.h presence
configure:12498: gcc -E  conftest.c
configure:12498: $? = 0
configure:12498: result: yes
configure:12498: checking for assert.h
configure:12498: result: yes
configure:12498: checking fcntl.h usability
configure:12498: gcc -c -g  -fms-extensions  conftest.c >&5
configure:12498: $? = 0
configure:12498: result: yes
configure:12498: checking fcntl.h presence
configure:12498: gcc -E  conftest.c
configure:12498: $? = 0
configure:12498: result: yes
configure:12498: checking for fcntl.h
configure:12498: result: yes
configure:12498: checking for inttypes.h
configure:12498: result: yes
configure:12498: checking libgen.h usability
configure:12498: gcc -c -g  -fms-extensions  conftest.c >&5
configure:12498: $? = 0
configure:12498: result: yes
configure:12498: checking libgen.h presence
configure:12498: gcc -E  conftest.c
configure:12498: $? = 0
configure:12498: result: yes
configure:12498: checking for libgen.h
configure:12498: result: yes
configure:12498: checking math.h usability
configure:12498: gcc -c -g  -fms-extensions  conftest.c >&5
configure:12498: $? = 0
configure:12498: result: yes
configure:12498: checking math.h presence
configure:12498: gcc -E  conftest.c
configure:12498: $? = 0
configure:12498: result: yes
configure:12498: checking for math.h
configure:12498: result: yes
configure:12498: checking netdb.h usability
configure:12498: gcc -c -g  -fms-extensions  conftest.c >&5
configure:12498: $? = 0
configure:12498: result: yes
configure:12498: checking netdb.h presence
configure:12498: gcc -E  conftest.c
configure:12498: $? = 0
configure:12498: result: yes
configure:12498: checking for netdb.h
configure:12498: result: yes
configure:12498: checking netinet/in.h usability
configure:12498: gcc -c -g  -fms-extensions  conftest.c >&5
configure:12498: $? = 0
configure:12498: result: yes
configure:12498: checking netinet/in.h presence
configure:12498: gcc -E  conftest.c
configure:12498: $? = 0
configure:12498: result: yes
configure:12498: checking for netinet/in.h
configure:12498: result: yes
configure:12498: checking stdarg.h usability
configure:12498: gcc -c -g  -fms-extensions  conftest.c >&5
configure:12498: $? = 0
configure:12498: result: yes
configure:12498: checking stdarg.h presence
configure:12498: gcc -E  conftest.c
configure:12498: $? = 0
configure:12498: result: yes
configure:12498: checking for stdarg.h
configure:12498: result: yes
configure:12498: checking stdbool.h usability
configure:12498: gcc -c -g  -fms-extensions  conftest.c >&5
configure:12498: $? = 0
configure:12498: result: yes
configure:12498: checking stdbool.h presence
configure:12498: gcc -E  conftest.c
configure:12498: $? = 0
configure:12498: result: yes
configure:12498: checking for stdbool.h
configure:12498: result: yes
configure:12498: checking for stdint.h
configure:12498: result: yes
configure:12498: checking stdio.h usability
configure:12498: gcc -c -g  -fms-extensions  conftest.c >&5
configure:12498: $? = 0
configure:12498: result: yes
configure:12498: checking stdio.h presence
configure:12498: gcc -E  conftest.c
configure:12498: $? = 0
configure:12498: result: yes
configure:12498: checking for stdio.h
configure:12498: result: yes
configure:12498: checking for stdlib.h
configure:12498: result: yes
configure:12498: checking for string.h
configure:12498: result: yes
configure:12498: checking sys/mman.h usability
configure:12498: gcc -c -g  -fms-extensions  conftest.c >&5
configure:12498: $? = 0
configure:12498: result: yes
configure:12498: checking sys/mman.h presence
configure:12498: gcc -E  conftest.c
configure:12498: $? = 0
configure:12498: result: yes
configure:12498: checking for sys/mman.h
configure:12498: result: yes
configure:12498: checking sys/socket.h usability
configure:12498: gcc -c -g  -fms-extensions  conftest.c >&5
configure:12498: $? = 0
configure:12498: result: yes
configure:12498: checking sys/socket.h presence
configure:12498: gcc -E  conftest.c
configure:12498: $? = 0
configure:12498: result: yes
configure:12498: checking for sys/socket.h
configure:12498: result: yes
configure:12498: checking for sys/stat.h
configure:12498: result: yes
configure:12498: checking sys/time.h usability
configure:12498: gcc -c -g  -fms-extensions  conftest.c >&5
configure:12498: $? = 0
configure:12498: result: yes
configure:12498: checking sys/time.h presence
configure:12498: gcc -E  conftest.c
configure:12498: $? = 0
configure:12498: result: yes
configure:12498: checking for sys/time.h
configure:12498: result: yes
configure:12498: checking for sys/types.h
configure:12498: result: yes
configure:12498: checking for unistd.h
configure:12498: result: yes
configure:12520: checking for off_t
configure:12520: gcc -c -g  -fms-extensions  conftest.c >&5
configure:12520: $? = 0
configure:12520: gcc -c -g  -fms-extensions  conftest.c >&5
conftest.c: In function 'main':
conftest.c:80:20: error: expected expression before ')' token
 if (sizeof ((off_t)))
                    ^
configure:12520: $? = 1
configure: failed program was:
| /* confdefs.h */
| #define PACKAGE_NAME "libmaxminddb"
| #define PACKAGE_TARNAME "libmaxminddb"
| #define PACKAGE_VERSION "1.3.2"
| #define PACKAGE_STRING "libmaxminddb 1.3.2"
| #define PACKAGE_BUGREPORT "support@maxmind.com"
| #define PACKAGE_URL ""
| #define STDC_HEADERS 1
| #define HAVE_SYS_TYPES_H 1
| #define HAVE_SYS_STAT_H 1
| #define HAVE_STDLIB_H 1
| #define HAVE_STRING_H 1
| #define HAVE_MEMORY_H 1
| #define HAVE_STRINGS_H 1
| #define HAVE_INTTYPES_H 1
| #define HAVE_STDINT_H 1
| #define HAVE_UNISTD_H 1
| #define HAVE_DLFCN_H 1
| #define LT_OBJDIR ".libs/"
| #define PACKAGE "libmaxminddb"
| #define VERSION "1.3.2"
| #define restrict __restrict
| #define HAVE_ARPA_INET_H 1
| #define HAVE_ASSERT_H 1
| #define HAVE_FCNTL_H 1
| #define HAVE_INTTYPES_H 1
| #define HAVE_LIBGEN_H 1
| #define HAVE_MATH_H 1
| #define HAVE_NETDB_H 1
| #define HAVE_NETINET_IN_H 1
| #define HAVE_STDARG_H 1
| #define HAVE_STDBOOL_H 1
| #define HAVE_STDINT_H 1
| #define HAVE_STDIO_H 1
| #define HAVE_STDLIB_H 1
| #define HAVE_STRING_H 1
| #define HAVE_SYS_MMAN_H 1
| #define HAVE_SYS_SOCKET_H 1
| #define HAVE_SYS_STAT_H 1
| #define HAVE_SYS_TIME_H 1
| #define HAVE_SYS_TYPES_H 1
| #define HAVE_UNISTD_H 1
| /* end confdefs.h.  */
| #include <stdio.h>
| #ifdef HAVE_SYS_TYPES_H
| # include <sys/types.h>
| #endif
| #ifdef HAVE_SYS_STAT_H
| # include <sys/stat.h>
| #endif
| #ifdef STDC_HEADERS
| # include <stdlib.h>
| # include <stddef.h>
| #else
| # ifdef HAVE_STDLIB_H
| #  include <stdlib.h>
| # endif
| #endif
| #ifdef HAVE_STRING_H
| # if !defined STDC_HEADERS && defined HAVE_MEMORY_H
| #  include <memory.h>
| # endif
| # include <string.h>
| #endif
| #ifdef HAVE_STRINGS_H
| # include <strings.h>
| #endif
| #ifdef HAVE_INTTYPES_H
| # include <inttypes.h>
| #endif
| #ifdef HAVE_STDINT_H
| # include <stdint.h>
| #endif
| #ifdef HAVE_UNISTD_H
| # include <unistd.h>
| #endif
| int
| main ()
| {
| if (sizeof ((off_t)))
| 	    return 0;
|   ;
|   return 0;
| }
configure:12520: result: yes
configure:12531: checking for size_t
configure:12531: gcc -c -g  -fms-extensions  conftest.c >&5
configure:12531: $? = 0
configure:12531: gcc -c -g  -fms-extensions  conftest.c >&5
conftest.c: In function 'main':
conftest.c:80:21: error: expected expression before ')' token
 if (sizeof ((size_t)))
                     ^
configure:12531: $? = 1
configure: failed program was:
| /* confdefs.h */
| #define PACKAGE_NAME "libmaxminddb"
| #define PACKAGE_TARNAME "libmaxminddb"
| #define PACKAGE_VERSION "1.3.2"
| #define PACKAGE_STRING "libmaxminddb 1.3.2"
| #define PACKAGE_BUGREPORT "support@maxmind.com"
| #define PACKAGE_URL ""
| #define STDC_HEADERS 1
| #define HAVE_SYS_TYPES_H 1
| #define HAVE_SYS_STAT_H 1
| #define HAVE_STDLIB_H 1
| #define HAVE_STRING_H 1
| #define HAVE_MEMORY_H 1
| #define HAVE_STRINGS_H 1
| #define HAVE_INTTYPES_H 1
| #define HAVE_STDINT_H 1
| #define HAVE_UNISTD_H 1
| #define HAVE_DLFCN_H 1
| #define LT_OBJDIR ".libs/"
| #define PACKAGE "libmaxminddb"
| #define VERSION "1.3.2"
| #define restrict __restrict
| #define HAVE_ARPA_INET_H 1
| #define HAVE_ASSERT_H 1
| #define HAVE_FCNTL_H 1
| #define HAVE_INTTYPES_H 1
| #define HAVE_LIBGEN_H 1
| #define HAVE_MATH_H 1
| #define HAVE_NETDB_H 1
| #define HAVE_NETINET_IN_H 1
| #define HAVE_STDARG_H 1
| #define HAVE_STDBOOL_H 1
| #define HAVE_STDINT_H 1
| #define HAVE_STDIO_H 1
| #define HAVE_STDLIB_H 1
| #define HAVE_STRING_H 1
| #define HAVE_SYS_MMAN_H 1
| #define HAVE_SYS_SOCKET_H 1
| #define HAVE_SYS_STAT_H 1
| #define HAVE_SYS_TIME_H 1
| #define HAVE_SYS_TYPES_H 1
| #define HAVE_UNISTD_H 1
| /* end confdefs.h.  */
| #include <stdio.h>
| #ifdef HAVE_SYS_TYPES_H
| # include <sys/types.h>
| #endif
| #ifdef HAVE_SYS_STAT_H
| # include <sys/stat.h>
| #endif
| #ifdef STDC_HEADERS
| # include <stdlib.h>
| # include <stddef.h>
| #else
| # ifdef HAVE_STDLIB_H
| #  include <stdlib.h>
| # endif
| #endif
| #ifdef HAVE_STRING_H
| # if !defined STDC_HEADERS && defined HAVE_MEMORY_H
| #  include <memory.h>
| # endif
| # include <string.h>
| #endif
| #ifdef HAVE_STRINGS_H
| # include <strings.h>
| #endif
| #ifdef HAVE_INTTYPES_H
| # include <inttypes.h>
| #endif
| #ifdef HAVE_STDINT_H
| # include <stdint.h>
| #endif
| #ifdef HAVE_UNISTD_H
| # include <unistd.h>
| #endif
| int
| main ()
| {
| if (sizeof ((size_t)))
| 	    return 0;
|   ;
|   return 0;
| }
configure:12531: result: yes
configure:12542: checking for ssize_t
configure:12542: gcc -c -g  -fms-extensions  conftest.c >&5
configure:12542: $? = 0
configure:12542: gcc -c -g  -fms-extensions  conftest.c >&5
conftest.c: In function 'main':
conftest.c:80:22: error: expected expression before ')' token
 if (sizeof ((ssize_t)))
                      ^
configure:12542: $? = 1
configure: failed program was:
| /* confdefs.h */
| #define PACKAGE_NAME "libmaxminddb"
| #define PACKAGE_TARNAME "libmaxminddb"
| #define PACKAGE_VERSION "1.3.2"
| #define PACKAGE_STRING "libmaxminddb 1.3.2"
| #define PACKAGE_BUGREPORT "support@maxmind.com"
| #define PACKAGE_URL ""
| #define STDC_HEADERS 1
| #define HAVE_SYS_TYPES_H 1
| #define HAVE_SYS_STAT_H 1
| #define HAVE_STDLIB_H 1
| #define HAVE_STRING_H 1
| #define HAVE_MEMORY_H 1
| #define HAVE_STRINGS_H 1
| #define HAVE_INTTYPES_H 1
| #define HAVE_STDINT_H 1
| #define HAVE_UNISTD_H 1
| #define HAVE_DLFCN_H 1
| #define LT_OBJDIR ".libs/"
| #define PACKAGE "libmaxminddb"
| #define VERSION "1.3.2"
| #define restrict __restrict
| #define HAVE_ARPA_INET_H 1
| #define HAVE_ASSERT_H 1
| #define HAVE_FCNTL_H 1
| #define HAVE_INTTYPES_H 1
| #define HAVE_LIBGEN_H 1
| #define HAVE_MATH_H 1
| #define HAVE_NETDB_H 1
| #define HAVE_NETINET_IN_H 1
| #define HAVE_STDARG_H 1
| #define HAVE_STDBOOL_H 1
| #define HAVE_STDINT_H 1
| #define HAVE_STDIO_H 1
| #define HAVE_STDLIB_H 1
| #define HAVE_STRING_H 1
| #define HAVE_SYS_MMAN_H 1
| #define HAVE_SYS_SOCKET_H 1
| #define HAVE_SYS_STAT_H 1
| #define HAVE_SYS_TIME_H 1
| #define HAVE_SYS_TYPES_H 1
| #define HAVE_UNISTD_H 1
| /* end confdefs.h.  */
| #include <stdio.h>
| #ifdef HAVE_SYS_TYPES_H
| # include <sys/types.h>
| #endif
| #ifdef HAVE_SYS_STAT_H
| # include <sys/stat.h>
| #endif
| #ifdef STDC_HEADERS
| # include <stdlib.h>
| # include <stddef.h>
| #else
| # ifdef HAVE_STDLIB_H
| #  include <stdlib.h>
| # endif
| #endif
| #ifdef HAVE_STRING_H
| # if !defined STDC_HEADERS && defined HAVE_MEMORY_H
| #  include <memory.h>
| # endif
| # include <string.h>
| #endif
| #ifdef HAVE_STRINGS_H
| # include <strings.h>
| #endif
| #ifdef HAVE_INTTYPES_H
| # include <inttypes.h>
| #endif
| #ifdef HAVE_STDINT_H
| # include <stdint.h>
| #endif
| #ifdef HAVE_UNISTD_H
| # include <unistd.h>
| #endif
| int
| main ()
| {
| if (sizeof ((ssize_t)))
| 	    return 0;
|   ;
|   return 0;
| }
configure:12542: result: yes
configure:12553: checking for uint8_t
configure:12553: gcc -c -g  -fms-extensions  conftest.c >&5
configure:12553: $? = 0
configure:12553: result: yes
configure:12567: checking for uint32_t
configure:12567: gcc -c -g  -fms-extensions  conftest.c >&5
configure:12567: $? = 0
configure:12567: result: yes
configure:12581: checking for uint64_t
configure:12581: gcc -c -g  -fms-extensions  conftest.c >&5
configure:12581: $? = 0
configure:12581: result: yes
configure:12612: checking for unsigned __int128
configure:12612: gcc -c -g  -fms-extensions  conftest.c >&5
configure:12612: $? = 0
configure:12612: gcc -c -g  -fms-extensions  conftest.c >&5
conftest.c: In function 'main':
conftest.c:80:32: error: expected expression before ')' token
 if (sizeof ((unsigned __int128)))
                                ^
configure:12612: $? = 1
configure: failed program was:
| /* confdefs.h */
| #define PACKAGE_NAME "libmaxminddb"
| #define PACKAGE_TARNAME "libmaxminddb"
| #define PACKAGE_VERSION "1.3.2"
| #define PACKAGE_STRING "libmaxminddb 1.3.2"
| #define PACKAGE_BUGREPORT "support@maxmind.com"
| #define PACKAGE_URL ""
| #define STDC_HEADERS 1
| #define HAVE_SYS_TYPES_H 1
| #define HAVE_SYS_STAT_H 1
| #define HAVE_STDLIB_H 1
| #define HAVE_STRING_H 1
| #define HAVE_MEMORY_H 1
| #define HAVE_STRINGS_H 1
| #define HAVE_INTTYPES_H 1
| #define HAVE_STDINT_H 1
| #define HAVE_UNISTD_H 1
| #define HAVE_DLFCN_H 1
| #define LT_OBJDIR ".libs/"
| #define PACKAGE "libmaxminddb"
| #define VERSION "1.3.2"
| #define restrict __restrict
| #define HAVE_ARPA_INET_H 1
| #define HAVE_ASSERT_H 1
| #define HAVE_FCNTL_H 1
| #define HAVE_INTTYPES_H 1
| #define HAVE_LIBGEN_H 1
| #define HAVE_MATH_H 1
| #define HAVE_NETDB_H 1
| #define HAVE_NETINET_IN_H 1
| #define HAVE_STDARG_H 1
| #define HAVE_STDBOOL_H 1
| #define HAVE_STDINT_H 1
| #define HAVE_STDIO_H 1
| #define HAVE_STDLIB_H 1
| #define HAVE_STRING_H 1
| #define HAVE_SYS_MMAN_H 1
| #define HAVE_SYS_SOCKET_H 1
| #define HAVE_SYS_STAT_H 1
| #define HAVE_SYS_TIME_H 1
| #define HAVE_SYS_TYPES_H 1
| #define HAVE_UNISTD_H 1
| /* end confdefs.h.  */
| #include <stdio.h>
| #ifdef HAVE_SYS_TYPES_H
| # include <sys/types.h>
| #endif
| #ifdef HAVE_SYS_STAT_H
| # include <sys/stat.h>
| #endif
| #ifdef STDC_HEADERS
| # include <stdlib.h>
| # include <stddef.h>
| #else
| # ifdef HAVE_STDLIB_H
| #  include <stdlib.h>
| # endif
| #endif
| #ifdef HAVE_STRING_H
| # if !defined STDC_HEADERS && defined HAVE_MEMORY_H
| #  include <memory.h>
| # endif
| # include <string.h>
| #endif
| #ifdef HAVE_STRINGS_H
| # include <strings.h>
| #endif
| #ifdef HAVE_INTTYPES_H
| # include <inttypes.h>
| #endif
| #ifdef HAVE_STDINT_H
| # include <stdint.h>
| #endif
| #ifdef HAVE_UNISTD_H
| # include <unistd.h>
| #endif
| int
| main ()
| {
| if (sizeof ((unsigned __int128)))
| 	    return 0;
|   ;
|   return 0;
| }
configure:12612: result: yes
configure:12636: checking for boolean
configure:12636: gcc -c -g  -fms-extensions  conftest.c >&5
conftest.c: In function 'main':
conftest.c:81:13: error: 'boolean' undeclared (first use in this function)
 if (sizeof (boolean))
             ^~~~~~~
conftest.c:81:13: note: each undeclared identifier is reported only once for each function it appears in
configure:12636: $? = 1
configure: failed program was:
| /* confdefs.h */
| #define PACKAGE_NAME "libmaxminddb"
| #define PACKAGE_TARNAME "libmaxminddb"
| #define PACKAGE_VERSION "1.3.2"
| #define PACKAGE_STRING "libmaxminddb 1.3.2"
| #define PACKAGE_BUGREPORT "support@maxmind.com"
| #define PACKAGE_URL ""
| #define STDC_HEADERS 1
| #define HAVE_SYS_TYPES_H 1
| #define HAVE_SYS_STAT_H 1
| #define HAVE_STDLIB_H 1
| #define HAVE_STRING_H 1
| #define HAVE_MEMORY_H 1
| #define HAVE_STRINGS_H 1
| #define HAVE_INTTYPES_H 1
| #define HAVE_STDINT_H 1
| #define HAVE_UNISTD_H 1
| #define HAVE_DLFCN_H 1
| #define LT_OBJDIR ".libs/"
| #define PACKAGE "libmaxminddb"
| #define VERSION "1.3.2"
| #define restrict __restrict
| #define HAVE_ARPA_INET_H 1
| #define HAVE_ASSERT_H 1
| #define HAVE_FCNTL_H 1
| #define HAVE_INTTYPES_H 1
| #define HAVE_LIBGEN_H 1
| #define HAVE_MATH_H 1
| #define HAVE_NETDB_H 1
| #define HAVE_NETINET_IN_H 1
| #define HAVE_STDARG_H 1
| #define HAVE_STDBOOL_H 1
| #define HAVE_STDINT_H 1
| #define HAVE_STDIO_H 1
| #define HAVE_STDLIB_H 1
| #define HAVE_STRING_H 1
| #define HAVE_SYS_MMAN_H 1
| #define HAVE_SYS_SOCKET_H 1
| #define HAVE_SYS_STAT_H 1
| #define HAVE_SYS_TIME_H 1
| #define HAVE_SYS_TYPES_H 1
| #define HAVE_UNISTD_H 1
| #define MMDB_UINT128_IS_BYTE_ARRAY 0
| /* end confdefs.h.  */
| #include <stdio.h>
| #ifdef HAVE_SYS_TYPES_H
| # include <sys/types.h>
| #endif
| #ifdef HAVE_SYS_STAT_H
| # include <sys/stat.h>
| #endif
| #ifdef STDC_HEADERS
| # include <stdlib.h>
| # include <stddef.h>
| #else
| # ifdef HAVE_STDLIB_H
| #  include <stdlib.h>
| # endif
| #endif
| #ifdef HAVE_STRING_H
| # if !defined STDC_HEADERS && defined HAVE_MEMORY_H
| #  include <memory.h>
| # endif
| # include <string.h>
| #endif
| #ifdef HAVE_STRINGS_H
| # include <strings.h>
| #endif
| #ifdef HAVE_INTTYPES_H
| # include <inttypes.h>
| #endif
| #ifdef HAVE_STDINT_H
| # include <stdint.h>
| #endif
| #ifdef HAVE_UNISTD_H
| # include <unistd.h>
| #endif
| int
| main ()
| {
| if (sizeof (boolean))
| 	 return 0;
|   ;
|   return 0;
| }
configure:12636: result: no
configure:12650: checking for clock_gettime
configure:12650: gcc -o conftest -g  -fms-extensions   conftest.c  >&5
configure:12650: $? = 0
configure:12650: result: yes
configure:12650: checking for open_memstream
configure:12650: gcc -o conftest -g  -fms-extensions   conftest.c  >&5
configure:12650: $? = 0
configure:12650: result: yes
configure:12660: checking whether byte ordering is bigendian
configure:12675: gcc -c -g  -fms-extensions  conftest.c >&5
conftest.c:48:9: error: unknown type name 'not'
         not a universal capable compiler
         ^~~
conftest.c:48:15: error: expected '=', ',', ';', 'asm' or '__attribute__' before 'universal'
         not a universal capable compiler
               ^~~~~~~~~
conftest.c:48:15: error: unknown type name 'universal'
configure:12675: $? = 1
configure: failed program was:
| /* confdefs.h */
| #define PACKAGE_NAME "libmaxminddb"
| #define PACKAGE_TARNAME "libmaxminddb"
| #define PACKAGE_VERSION "1.3.2"
| #define PACKAGE_STRING "libmaxminddb 1.3.2"
| #define PACKAGE_BUGREPORT "support@maxmind.com"
| #define PACKAGE_URL ""
| #define STDC_HEADERS 1
| #define HAVE_SYS_TYPES_H 1
| #define HAVE_SYS_STAT_H 1
| #define HAVE_STDLIB_H 1
| #define HAVE_STRING_H 1
| #define HAVE_MEMORY_H 1
| #define HAVE_STRINGS_H 1
| #define HAVE_INTTYPES_H 1
| #define HAVE_STDINT_H 1
| #define HAVE_UNISTD_H 1
| #define HAVE_DLFCN_H 1
| #define LT_OBJDIR ".libs/"
| #define PACKAGE "libmaxminddb"
| #define VERSION "1.3.2"
| #define restrict __restrict
| #define HAVE_ARPA_INET_H 1
| #define HAVE_ASSERT_H 1
| #define HAVE_FCNTL_H 1
| #define HAVE_INTTYPES_H 1
| #define HAVE_LIBGEN_H 1
| #define HAVE_MATH_H 1
| #define HAVE_NETDB_H 1
| #define HAVE_NETINET_IN_H 1
| #define HAVE_STDARG_H 1
| #define HAVE_STDBOOL_H 1
| #define HAVE_STDINT_H 1
| #define HAVE_STDIO_H 1
| #define HAVE_STDLIB_H 1
| #define HAVE_STRING_H 1
| #define HAVE_SYS_MMAN_H 1
| #define HAVE_SYS_SOCKET_H 1
| #define HAVE_SYS_STAT_H 1
| #define HAVE_SYS_TIME_H 1
| #define HAVE_SYS_TYPES_H 1
| #define HAVE_UNISTD_H 1
| #define MMDB_UINT128_IS_BYTE_ARRAY 0
| #define HAVE_CLOCK_GETTIME 1
| #define HAVE_OPEN_MEMSTREAM 1
| /* end confdefs.h.  */
| #ifndef __APPLE_CC__
| 	       not a universal capable compiler
| 	     #endif
| 	     typedef int dummy;
| 
configure:12720: gcc -c -g  -fms-extensions  conftest.c >&5
configure:12720: $? = 0
configure:12738: gcc -c -g  -fms-extensions  conftest.c >&5
conftest.c: In function 'main':
conftest.c:54:4: error: unknown type name 'not'
    not big endian
    ^~~
conftest.c:54:12: error: expected '=', ',', ';', 'asm' or '__attribute__' before 'endian'
    not big endian
            ^~~~~~
configure:12738: $? = 1
configure: failed program was:
| /* confdefs.h */
| #define PACKAGE_NAME "libmaxminddb"
| #define PACKAGE_TARNAME "libmaxminddb"
| #define PACKAGE_VERSION "1.3.2"
| #define PACKAGE_STRING "libmaxminddb 1.3.2"
| #define PACKAGE_BUGREPORT "support@maxmind.com"
| #define PACKAGE_URL ""
| #define STDC_HEADERS 1
| #define HAVE_SYS_TYPES_H 1
| #define HAVE_SYS_STAT_H 1
| #define HAVE_STDLIB_H 1
| #define HAVE_STRING_H 1
| #define HAVE_MEMORY_H 1
| #define HAVE_STRINGS_H 1
| #define HAVE_INTTYPES_H 1
| #define HAVE_STDINT_H 1
| #define HAVE_UNISTD_H 1
| #define HAVE_DLFCN_H 1
| #define LT_OBJDIR ".libs/"
| #define PACKAGE "libmaxminddb"
| #define VERSION "1.3.2"
| #define restrict __restrict
| #define HAVE_ARPA_INET_H 1
| #define HAVE_ASSERT_H 1
| #define HAVE_FCNTL_H 1
| #define HAVE_INTTYPES_H 1
| #define HAVE_LIBGEN_H 1
| #define HAVE_MATH_H 1
| #define HAVE_NETDB_H 1
| #define HAVE_NETINET_IN_H 1
| #define HAVE_STDARG_H 1
| #define HAVE_STDBOOL_H 1
| #define HAVE_STDINT_H 1
| #define HAVE_STDIO_H 1
| #define HAVE_STDLIB_H 1
| #define HAVE_STRING_H 1
| #define HAVE_SYS_MMAN_H 1
| #define HAVE_SYS_SOCKET_H 1
| #define HAVE_SYS_STAT_H 1
| #define HAVE_SYS_TIME_H 1
| #define HAVE_SYS_TYPES_H 1
| #define HAVE_UNISTD_H 1
| #define MMDB_UINT128_IS_BYTE_ARRAY 0
| #define HAVE_CLOCK_GETTIME 1
| #define HAVE_OPEN_MEMSTREAM 1
| /* end confdefs.h.  */
| #include <sys/types.h>
| 		#include <sys/param.h>
| 
| int
| main ()
| {
| #if BYTE_ORDER != BIG_ENDIAN
| 		 not big endian
| 		#endif
| 
|   ;
|   return 0;
| }
configure:12866: result: no
configure:12894: checking for stdlib.h
configure:12894: result: yes
configure:12894: checking for unistd.h
configure:12894: result: yes
configure:12894: checking for sys/param.h
configure:12894: gcc -c -g  -fms-extensions  conftest.c >&5
configure:12894: $? = 0
configure:12894: result: yes
configure:12914: checking for getpagesize
configure:12914: gcc -o conftest -g  -fms-extensions   conftest.c  >&5
configure:12914: $? = 0
configure:12914: result: yes
configure:12923: checking for working mmap
configure:13070: gcc -o conftest -g  -fms-extensions   conftest.c  >&5
configure:13070: $? = 0
configure:13070: ./conftest
configure:13070: $? = 0
configure:13080: result: yes
configure:13090: checking for library containing fabs
configure:13121: gcc -o conftest -g  -fms-extensions   conftest.c  >&5
conftest.c:60:6: warning: conflicting types for built-in function 'fabs'
 char fabs ();
      ^~~~
/tmp/ccl9kO1z.o: In function `main':
/home/r0mk/shelter/GeoBalancing/libmaxminddb-1.3.2/conftest.c:64: undefined reference to `fabs'
collect2: error: ld returned 1 exit status
configure:13121: $? = 1
configure: failed program was:
| /* confdefs.h */
| #define PACKAGE_NAME "libmaxminddb"
| #define PACKAGE_TARNAME "libmaxminddb"
| #define PACKAGE_VERSION "1.3.2"
| #define PACKAGE_STRING "libmaxminddb 1.3.2"
| #define PACKAGE_BUGREPORT "support@maxmind.com"
| #define PACKAGE_URL ""
| #define STDC_HEADERS 1
| #define HAVE_SYS_TYPES_H 1
| #define HAVE_SYS_STAT_H 1
| #define HAVE_STDLIB_H 1
| #define HAVE_STRING_H 1
| #define HAVE_MEMORY_H 1
| #define HAVE_STRINGS_H 1
| #define HAVE_INTTYPES_H 1
| #define HAVE_STDINT_H 1
| #define HAVE_UNISTD_H 1
| #define HAVE_DLFCN_H 1
| #define LT_OBJDIR ".libs/"
| #define PACKAGE "libmaxminddb"
| #define VERSION "1.3.2"
| #define restrict __restrict
| #define HAVE_ARPA_INET_H 1
| #define HAVE_ASSERT_H 1
| #define HAVE_FCNTL_H 1
| #define HAVE_INTTYPES_H 1
| #define HAVE_LIBGEN_H 1
| #define HAVE_MATH_H 1
| #define HAVE_NETDB_H 1
| #define HAVE_NETINET_IN_H 1
| #define HAVE_STDARG_H 1
| #define HAVE_STDBOOL_H 1
| #define HAVE_STDINT_H 1
| #define HAVE_STDIO_H 1
| #define HAVE_STDLIB_H 1
| #define HAVE_STRING_H 1
| #define HAVE_SYS_MMAN_H 1
| #define HAVE_SYS_SOCKET_H 1
| #define HAVE_SYS_STAT_H 1
| #define HAVE_SYS_TIME_H 1
| #define HAVE_SYS_TYPES_H 1
| #define HAVE_UNISTD_H 1
| #define MMDB_UINT128_IS_BYTE_ARRAY 0
| #define HAVE_CLOCK_GETTIME 1
| #define HAVE_OPEN_MEMSTREAM 1
| #define MMDB_LITTLE_ENDIAN 1
| #define HAVE_STDLIB_H 1
| #define HAVE_UNISTD_H 1
| #define HAVE_SYS_PARAM_H 1
| #define HAVE_GETPAGESIZE 1
| #define HAVE_MMAP 1
| /* end confdefs.h.  */
| 
| /* Override any GCC internal prototype to avoid an error.
|    Use char because int might match the return type of a GCC
|    builtin and then its argument prototype would still apply.  */
| #ifdef __cplusplus
| extern "C"
| #endif
| char fabs ();
| int
| main ()
| {
| return fabs ();
|   ;
|   return 0;
| }
configure:13121: gcc -o conftest -g  -fms-extensions   conftest.c -lm   >&5
conftest.c:60:6: warning: conflicting types for built-in function 'fabs'
 char fabs ();
      ^~~~
configure:13121: $? = 0
configure:13138: result: -lm
configure:13146: checking for library containing fabsf
configure:13177: gcc -o conftest -g  -fms-extensions   conftest.c -lm  >&5
conftest.c:60:6: warning: conflicting types for built-in function 'fabsf'
 char fabsf ();
      ^~~~~
configure:13177: $? = 0
configure:13194: result: none required
configure:13202: checking for library containing getaddrinfo
configure:13233: gcc -o conftest -g  -fms-extensions   conftest.c -lm  >&5
configure:13233: $? = 0
configure:13250: result: none required
configure:13406: checking that generated files are newer than configure
configure:13412: result: done
configure:13448: creating ./config.status

## ---------------------- ##
## Running config.status. ##
## ---------------------- ##

This file was extended by libmaxminddb config.status 1.3.2, which was
generated by GNU Autoconf 2.69.  Invocation command line was

  CONFIG_FILES    = 
  CONFIG_HEADERS  = 
  CONFIG_LINKS    = 
  CONFIG_COMMANDS = 
  $ ./config.status 

on Domik-PC1

config.status:1129: creating src/libmaxminddb.pc
config.status:1129: creating Makefile
config.status:1129: creating src/Makefile
config.status:1129: creating bin/Makefile
config.status:1129: creating t/Makefile
config.status:1129: creating config.h
config.status:1129: creating include/maxminddb_config.h
config.status:1358: executing libtool commands
config.status:1358: executing depfiles commands

## ---------------- ##
## Cache variables. ##
## ---------------- ##

ac_cv_build=x86_64-pc-linux-gnu
ac_cv_c_bigendian=no
ac_cv_c_compiler_gnu=yes
ac_cv_c_restrict=__restrict
ac_cv_c_uint32_t=yes
ac_cv_c_uint64_t=yes
ac_cv_c_uint8_t=yes
ac_cv_env_CC_set=
ac_cv_env_CC_value=
ac_cv_env_CFLAGS_set=
ac_cv_env_CFLAGS_value=
ac_cv_env_CPPFLAGS_set=
ac_cv_env_CPPFLAGS_value=
ac_cv_env_CPP_set=
ac_cv_env_CPP_value=
ac_cv_env_LDFLAGS_set=
ac_cv_env_LDFLAGS_value=
ac_cv_env_LIBS_set=
ac_cv_env_LIBS_value=
ac_cv_env_LT_SYS_LIBRARY_PATH_set=
ac_cv_env_LT_SYS_LIBRARY_PATH_value=
ac_cv_env_PKG_CONFIG_LIBDIR_set=
ac_cv_env_PKG_CONFIG_LIBDIR_value=
ac_cv_env_PKG_CONFIG_PATH_set=
ac_cv_env_PKG_CONFIG_PATH_value=
ac_cv_env_PKG_CONFIG_set=
ac_cv_env_PKG_CONFIG_value=
ac_cv_env_build_alias_set=
ac_cv_env_build_alias_value=
ac_cv_env_host_alias_set=
ac_cv_env_host_alias_value=
ac_cv_env_target_alias_set=
ac_cv_env_target_alias_value=
ac_cv_func_clock_gettime=yes
ac_cv_func_getpagesize=yes
ac_cv_func_mmap_fixed_mapped=yes
ac_cv_func_open_memstream=yes
ac_cv_header_arpa_inet_h=yes
ac_cv_header_assert_h=yes
ac_cv_header_dlfcn_h=yes
ac_cv_header_fcntl_h=yes
ac_cv_header_inttypes_h=yes
ac_cv_header_libgen_h=yes
ac_cv_header_math_h=yes
ac_cv_header_memory_h=yes
ac_cv_header_netdb_h=yes
ac_cv_header_netinet_in_h=yes
ac_cv_header_stdarg_h=yes
ac_cv_header_stdbool_h=yes
ac_cv_header_stdc=yes
ac_cv_header_stdint_h=yes
ac_cv_header_stdio_h=yes
ac_cv_header_stdlib_h=yes
ac_cv_header_string_h=yes
ac_cv_header_strings_h=yes
ac_cv_header_sys_mman_h=yes
ac_cv_header_sys_param_h=yes
ac_cv_header_sys_socket_h=yes
ac_cv_header_sys_stat_h=yes
ac_cv_header_sys_time_h=yes
ac_cv_header_sys_types_h=yes
ac_cv_header_unistd_h=yes
ac_cv_host=x86_64-pc-linux-gnu
ac_cv_objext=o
ac_cv_path_EGREP='/bin/grep -E'
ac_cv_path_FGREP='/bin/grep -F'
ac_cv_path_GREP=/bin/grep
ac_cv_path_SED=/bin/sed
ac_cv_path_install='/usr/bin/install -c'
ac_cv_path_lt_DD=/bin/dd
ac_cv_path_mkdir=/bin/mkdir
ac_cv_prog_AWK=mawk
ac_cv_prog_CPP='gcc -E'
ac_cv_prog_ac_ct_AR=ar
ac_cv_prog_ac_ct_CC=gcc
ac_cv_prog_ac_ct_MANIFEST_TOOL=mt
ac_cv_prog_ac_ct_OBJDUMP=objdump
ac_cv_prog_ac_ct_RANLIB=ranlib
ac_cv_prog_ac_ct_STRIP=strip
ac_cv_prog_cc_c89=
ac_cv_prog_cc_c99=
ac_cv_prog_cc_g=yes
ac_cv_prog_make_make_set=yes
ac_cv_search_fabs=-lm
ac_cv_search_fabsf='none required'
ac_cv_search_getaddrinfo='none required'
ac_cv_type_boolean=no
ac_cv_type_off_t=yes
ac_cv_type_size_t=yes
ac_cv_type_ssize_t=yes
ac_cv_type_unsigned___int128=yes
am_cv_CC_dependencies_compiler_type=gcc3
am_cv_make_support_nested_variables=yes
am_cv_prog_cc_c_o=yes
lt_cv_ar_at_file=@
lt_cv_archive_cmds_need_lc=no
lt_cv_deplibs_check_method=pass_all
lt_cv_file_magic_cmd='$MAGIC_CMD'
lt_cv_file_magic_test_file=
lt_cv_ld_reload_flag=-r
lt_cv_nm_interface='BSD nm'
lt_cv_objdir=.libs
lt_cv_path_LD=/usr/bin/ld
lt_cv_path_NM='/usr/bin/nm -B'
lt_cv_path_mainfest_tool=no
lt_cv_prog_compiler_c_o=yes
lt_cv_prog_compiler_pic='-fPIC -DPIC'
lt_cv_prog_compiler_pic_works=yes
lt_cv_prog_compiler_rtti_exceptions=no
lt_cv_prog_compiler_static_works=yes
lt_cv_prog_gnu_ld=yes
lt_cv_sharedlib_from_linklib_cmd='printf %s\n'
lt_cv_shlibpath_overrides_runpath=yes
lt_cv_sys_global_symbol_pipe='sed -n -e '\''s/^.*[	 ]\([ABCDGIRSTW][ABCDGIRSTW]*\)[	 ][	 ]*\([_A-Za-z][_A-Za-z0-9]*\)$/\1 \2 \2/p'\'' | sed '\''/ __gnu_lto/d'\'''
lt_cv_sys_global_symbol_to_c_name_address='sed -n -e '\''s/^: \(.*\) .*$/  {"\1", (void *) 0},/p'\'' -e '\''s/^[ABCDGIRSTW][ABCDGIRSTW]* .* \(.*\)$/  {"\1", (void *) \&\1},/p'\'''
lt_cv_sys_global_symbol_to_c_name_address_lib_prefix='sed -n -e '\''s/^: \(.*\) .*$/  {"\1", (void *) 0},/p'\'' -e '\''s/^[ABCDGIRSTW][ABCDGIRSTW]* .* \(lib.*\)$/  {"\1", (void *) \&\1},/p'\'' -e '\''s/^[ABCDGIRSTW][ABCDGIRSTW]* .* \(.*\)$/  {"lib\1", (void *) \&\1},/p'\'''
lt_cv_sys_global_symbol_to_cdecl='sed -n -e '\''s/^T .* \(.*\)$/extern int \1();/p'\'' -e '\''s/^[ABCDGIRSTW][ABCDGIRSTW]* .* \(.*\)$/extern char \1;/p'\'''
lt_cv_sys_global_symbol_to_import=
lt_cv_sys_max_cmd_len=1572864
lt_cv_to_host_file_cmd=func_convert_file_noop
lt_cv_to_tool_file_cmd=func_convert_file_noop
lt_cv_truncate_bin='/bin/dd bs=4096 count=1'

## ----------------- ##
## Output variables. ##
## ----------------- ##

ACLOCAL='${SHELL} /home/r0mk/shelter/GeoBalancing/libmaxminddb-1.3.2/missing aclocal-1.15'
AMDEPBACKSLASH='\'
AMDEP_FALSE='#'
AMDEP_TRUE=''
AMTAR='$${TAR-tar}'
AM_BACKSLASH='\'
AM_DEFAULT_V='$(AM_DEFAULT_VERBOSITY)'
AM_DEFAULT_VERBOSITY='1'
AM_V='$(V)'
AR='ar'
AUTOCONF='${SHELL} /home/r0mk/shelter/GeoBalancing/libmaxminddb-1.3.2/missing autoconf'
AUTOHEADER='${SHELL} /home/r0mk/shelter/GeoBalancing/libmaxminddb-1.3.2/missing autoheader'
AUTOMAKE='${SHELL} /home/r0mk/shelter/GeoBalancing/libmaxminddb-1.3.2/missing automake-1.15'
AWK='mawk'
CC='gcc'
CCDEPMODE='depmode=gcc3'
CFLAGS='-g  -fms-extensions'
CPP='gcc -E'
CPPFLAGS=''
CYGPATH_W='echo'
DEBUG_FALSE=''
DEBUG_TRUE='#'
DEFS='-DHAVE_CONFIG_H'
DEPDIR='.deps'
DLLTOOL='false'
DSYMUTIL=''
DUMPBIN=''
ECHO_C=''
ECHO_N='-n'
ECHO_T=''
EGREP='/bin/grep -E'
EXEEXT=''
FGREP='/bin/grep -F'
GREP='/bin/grep'
INSTALL_DATA='${INSTALL} -m 644'
INSTALL_PROGRAM='${INSTALL}'
INSTALL_SCRIPT='${INSTALL}'
INSTALL_STRIP_PROGRAM='$(install_sh) -c -s'
LD='/usr/bin/ld -m elf_x86_64'
LDFLAGS=''
LIBOBJS=''
LIBS='-lm '
LIBTOOL='$(SHELL) $(top_builddir)/libtool'
LIPO=''
LN_S='ln -s'
LTLIBOBJS=''
LT_SYS_LIBRARY_PATH=''
MAKEINFO='${SHELL} /home/r0mk/shelter/GeoBalancing/libmaxminddb-1.3.2/missing makeinfo'
MANIFEST_TOOL=':'
MKDIR_P='/bin/mkdir -p'
NM='/usr/bin/nm -B'
NMEDIT=''
OBJDUMP='objdump'
OBJEXT='o'
OTOOL64=''
OTOOL=''
PACKAGE='libmaxminddb'
PACKAGE_BUGREPORT='support@maxmind.com'
PACKAGE_NAME='libmaxminddb'
PACKAGE_STRING='libmaxminddb 1.3.2'
PACKAGE_TARNAME='libmaxminddb'
PACKAGE_URL=''
PACKAGE_VERSION='1.3.2'
PATH_SEPARATOR=':'
PKG_CONFIG=''
PKG_CONFIG_LIBDIR=''
PKG_CONFIG_PATH=''
RANLIB='ranlib'
SED='/bin/sed'
SET_MAKE=''
SHELL='/bin/bash'
STRIP='strip'
TESTS_FALSE='#'
TESTS_TRUE=''
VERSION='1.3.2'
WINDOWS_FALSE=''
WINDOWS_TRUE='#'
ac_ct_AR='ar'
ac_ct_CC='gcc'
ac_ct_DUMPBIN=''
am__EXEEXT_FALSE=''
am__EXEEXT_TRUE='#'
am__fastdepCC_FALSE='#'
am__fastdepCC_TRUE=''
am__include='include'
am__isrc=''
am__leading_dot='.'
am__nodep='_no'
am__quote=''
am__tar='$${TAR-tar} chof - "$$tardir"'
am__untar='$${TAR-tar} xf -'
bindir='${exec_prefix}/bin'
build='x86_64-pc-linux-gnu'
build_alias=''
build_cpu='x86_64'
build_os='linux-gnu'
build_vendor='pc'
datadir='${datarootdir}'
datarootdir='${prefix}/share'
docdir='${datarootdir}/doc/${PACKAGE_TARNAME}'
dvidir='${docdir}'
exec_prefix='${prefix}'
host='x86_64-pc-linux-gnu'
host_alias=''
host_cpu='x86_64'
host_os='linux-gnu'
host_vendor='pc'
htmldir='${docdir}'
includedir='${prefix}/include'
infodir='${datarootdir}/info'
install_sh='${SHELL} /home/r0mk/shelter/GeoBalancing/libmaxminddb-1.3.2/install-sh'
libdir='${exec_prefix}/lib'
libexecdir='${exec_prefix}/libexec'
localedir='${datarootdir}/locale'
localstatedir='${prefix}/var'
mandir='${datarootdir}/man'
mkdir_p='$(MKDIR_P)'
oldincludedir='/usr/include'
pdfdir='${docdir}'
pkgconfigdir='${libdir}/pkgconfig'
prefix='/usr/local'
program_transform_name='s,x,x,'
psdir='${docdir}'
runstatedir='${localstatedir}/run'
sbindir='${exec_prefix}/sbin'
sharedstatedir='${prefix}/com'
sysconfdir='${prefix}/etc'
target_alias=''

## ----------- ##
## confdefs.h. ##
## ----------- ##

/* confdefs.h */
#define PACKAGE_NAME "libmaxminddb"
#define PACKAGE_TARNAME "libmaxminddb"
#define PACKAGE_VERSION "1.3.2"
#define PACKAGE_STRING "libmaxminddb 1.3.2"
#define PACKAGE_BUGREPORT "support@maxmind.com"
#define PACKAGE_URL ""
#define STDC_HEADERS 1
#define HAVE_SYS_TYPES_H 1
#define HAVE_SYS_STAT_H 1
#define HAVE_STDLIB_H 1
#define HAVE_STRING_H 1
#define HAVE_MEMORY_H 1
#define HAVE_STRINGS_H 1
#define HAVE_INTTYPES_H 1
#define HAVE_STDINT_H 1
#define HAVE_UNISTD_H 1
#define HAVE_DLFCN_H 1
#define LT_OBJDIR ".libs/"
#define PACKAGE "libmaxminddb"
#define VERSION "1.3.2"
#define restrict __restrict
#define HAVE_ARPA_INET_H 1
#define HAVE_ASSERT_H 1
#define HAVE_FCNTL_H 1
#define HAVE_INTTYPES_H 1
#define HAVE_LIBGEN_H 1
#define HAVE_MATH_H 1
#define HAVE_NETDB_H 1
#define HAVE_NETINET_IN_H 1
#define HAVE_STDARG_H 1
#define HAVE_STDBOOL_H 1
#define HAVE_STDINT_H 1
#define HAVE_STDIO_H 1
#define HAVE_STDLIB_H 1
#define HAVE_STRING_H 1
#define HAVE_SYS_MMAN_H 1
#define HAVE_SYS_SOCKET_H 1
#define HAVE_SYS_STAT_H 1
#define HAVE_SYS_TIME_H 1
#define HAVE_SYS_TYPES_H 1
#define HAVE_UNISTD_H 1
#define MMDB_UINT128_IS_BYTE_ARRAY 0
#define HAVE_CLOCK_GETTIME 1
#define HAVE_OPEN_MEMSTREAM 1
#define MMDB_LITTLE_ENDIAN 1
#define HAVE_STDLIB_H 1
#define HAVE_UNISTD_H 1
#define HAVE_SYS_PARAM_H 1
#define HAVE_GETPAGESIZE 1
#define HAVE_MMAP 1

configure: exit 0
